This is pdfTeX, Version 3.141592653-2.6-1.40.22 (MiKTeX 21.2) (preloaded format=pdflatex 2021.5.17)  23 MAY 2021 09:34
entering extended mode
**./simulations.tex
(simulations.tex
LaTeX2e <2020-10-01> patch level 4
L3 programming layer <2021-02-18> xparse <2020-03-03>
(C:\Users\bburr\AppData\Local\Programs\MiKTeX\tex/latex/base\article.cls
Document Class: article 2020/04/10 v1.4m Standard LaTeX document class
(C:\Users\bburr\AppData\Local\Programs\MiKTeX\tex/latex/base\size10.clo
File: size10.clo 2020/04/10 v1.4m Standard LaTeX file (size option)
)
\c@part=\count179
\c@section=\count180
\c@subsection=\count181
\c@subsubsection=\count182
\c@paragraph=\count183
\c@subparagraph=\count184
\c@figure=\count185
\c@table=\count186
\abovecaptionskip=\skip47
\belowcaptionskip=\skip48
\bibindent=\dimen138
)
(C:\Users\bburr\AppData\Local\Programs\MiKTeX\tex/latex/graphics\graphicx.sty
Package: graphicx 2020/09/09 v1.2b Enhanced LaTeX Graphics (DPC,SPQR)

(C:\Users\bburr\AppData\Local\Programs\MiKTeX\tex/latex/graphics\keyval.sty
Package: keyval 2014/10/28 v1.15 key=value parser (DPC)
\KV@toks@=\toks15
)
(C:\Users\bburr\AppData\Local\Programs\MiKTeX\tex/latex/graphics\graphics.sty
Package: graphics 2020/08/30 v1.4c Standard LaTeX Graphics (DPC,SPQR)

(C:\Users\bburr\AppData\Local\Programs\MiKTeX\tex/latex/graphics\trig.sty
Package: trig 2016/01/03 v1.10 sin cos tan (DPC)
)
(C:\Users\bburr\AppData\Local\Programs\MiKTeX\tex/latex/graphics-cfg\graphics.c
fg
File: graphics.cfg 2016/06/04 v1.11 sample graphics configuration
)
Package graphics Info: Driver file: pdftex.def on input line 105.

(C:\Users\bburr\AppData\Local\Programs\MiKTeX\tex/latex/graphics-def\pdftex.def
File: pdftex.def 2020/10/05 v1.2a Graphics/color driver for pdftex
))
\Gin@req@height=\dimen139
\Gin@req@width=\dimen140
)
(C:\Users\bburr\AppData\Local\Programs\MiKTeX\tex/latex/l3backend\l3backend-pdf
tex.def
File: l3backend-pdftex.def 2021-02-18 L3 backend support: PDF output (pdfTeX)
\l__color_backend_stack_int=\count187
\l__pdf_internal_box=\box47
) (simulations.aux)
\openout1 = `simulations.aux'.

LaTeX Font Info:    Checking defaults for OML/cmm/m/it on input line 4.
LaTeX Font Info:    ... okay on input line 4.
LaTeX Font Info:    Checking defaults for OMS/cmsy/m/n on input line 4.
LaTeX Font Info:    ... okay on input line 4.
LaTeX Font Info:    Checking defaults for OT1/cmr/m/n on input line 4.
LaTeX Font Info:    ... okay on input line 4.
LaTeX Font Info:    Checking defaults for T1/cmr/m/n on input line 4.
LaTeX Font Info:    ... okay on input line 4.
LaTeX Font Info:    Checking defaults for TS1/cmr/m/n on input line 4.
LaTeX Font Info:    ... okay on input line 4.
LaTeX Font Info:    Checking defaults for OMX/cmex/m/n on input line 4.
LaTeX Font Info:    ... okay on input line 4.
LaTeX Font Info:    Checking defaults for U/cmr/m/n on input line 4.
LaTeX Font Info:    ... okay on input line 4.

(C:\Users\bburr\AppData\Local\Programs\MiKTeX\tex/context/base/mkii\supp-pdf.mk
ii
[Loading MPS to PDF converter (version 2006.09.02).]
\scratchcounter=\count188
\scratchdimen=\dimen141
\scratchbox=\box48
\nofMPsegments=\count189
\nofMParguments=\count190
\everyMPshowfont=\toks16
\MPscratchCnt=\count191
\MPscratchDim=\dimen142
\MPnumerator=\count192
\makeMPintoPDFobject=\count193
\everyMPtoPDFconversion=\toks17
)
(C:\Users\bburr\AppData\Local\Programs\MiKTeX\tex/latex/epstopdf-pkg\epstopdf-b
ase.sty
Package: epstopdf-base 2020-01-24 v2.11 Base part for package epstopdf
Package epstopdf-base Info: Redefining graphics rule for `.eps' on input line 4
85.
)
<./Figures/config1//sim1.png, id=1, 516.27881pt x 405.16368pt>
File: ./Figures/config1//sim1.png Graphic file (type png)
<use ./Figures/config1//sim1.png>
Package pdftex.def Info: ./Figures/config1//sim1.png  used on input line 37.
(pdftex.def)             Requested size: 289.07999pt x 226.87155pt.
<./Figures/config1//sim2.png, id=3, 516.27881pt x 405.16368pt>
File: ./Figures/config1//sim2.png Graphic file (type png)
<use ./Figures/config1//sim2.png>
Package pdftex.def Info: ./Figures/config1//sim2.png  used on input line 39.
(pdftex.def)             Requested size: 289.07999pt x 226.87155pt.
 [1

{C:/Users/bburr/AppData/Local/MiKTeX/pdftex/config/pdftex.map} <./Figures/confi
g1//sim1.png>]
<./Figures/config1//sim3.png, id=11, 516.27881pt x 405.16368pt>
File: ./Figures/config1//sim3.png Graphic file (type png)
<use ./Figures/config1//sim3.png>
Package pdftex.def Info: ./Figures/config1//sim3.png  used on input line 41.
(pdftex.def)             Requested size: 289.07999pt x 226.87155pt.
<./Figures/config1//sim4.png, id=12, 516.27881pt x 405.16368pt>
File: ./Figures/config1//sim4.png Graphic file (type png)
<use ./Figures/config1//sim4.png>
Package pdftex.def Info: ./Figures/config1//sim4.png  used on input line 43.
(pdftex.def)             Requested size: 289.07999pt x 226.87155pt.
 [2 <./Figures/config1//sim2.png> <./Figures/config1//sim3.png>]
<./Figures/config1//sim5.png, id=18, 516.27881pt x 405.16368pt>
File: ./Figures/config1//sim5.png Graphic file (type png)
<use ./Figures/config1//sim5.png>
Package pdftex.def Info: ./Figures/config1//sim5.png  used on input line 45.
(pdftex.def)             Requested size: 289.07999pt x 226.87155pt.
<./Figures/config1//simMean.png, id=19, 516.27881pt x 405.16368pt>
File: ./Figures/config1//simMean.png Graphic file (type png)
<use ./Figures/config1//simMean.png>
Package pdftex.def Info: ./Figures/config1//simMean.png  used on input line 47.

(pdftex.def)             Requested size: 289.07999pt x 226.87155pt.
 [3 <./Figures/config1//sim4.png> <./Figures/config1//sim5.png>]
<./Figures/config1//simBounds.png, id=25, 516.27881pt x 405.16368pt>
File: ./Figures/config1//simBounds.png Graphic file (type png)
<use ./Figures/config1//simBounds.png>
Package pdftex.def Info: ./Figures/config1//simBounds.png  used on input line 4
9.
(pdftex.def)             Requested size: 289.07999pt x 226.87155pt.

[4 <./Figures/config1//simMean.png> <./Figures/config1//simBounds.png>]
(simulations.aux) ) 
Here is how much of TeX's memory you used:
 1206 strings out of 479334
 19233 string characters out of 2857084
 304399 words of memory out of 3000000
 18700 multiletter control sequences out of 15000+200000
 404640 words of font info for 31 fonts, out of 3000000 for 9000
 1141 hyphenation exceptions out of 8191
 68i,5n,74p,227b,114s stack positions out of 5000i,500n,10000p,200000b,50000s
<C:/Users/bburr/AppData/Local/Programs/MiKTeX/fonts/type1/pu
blic/amsfonts/cm/cmbx12.pfb><C:/Users/bburr/AppData/Local/Programs/MiKTeX/fonts
/type1/public/amsfonts/cm/cmr10.pfb>
Output written on simulations.pdf (4 pages, 506921 bytes).
PDF statistics:
 38 PDF objects out of 1000 (max. 8388607)
 0 named destinations out of 1000 (max. 500000)
 36 words of extra memory for PDF output out of 10000 (max. 10000000)

